<?xml version="1.0" encoding="UTF-8"?>
<testng-results ignored="14" total="22" passed="7" failed="1" skipped="0">
  <reporter-output>
  </reporter-output>
  <suite started-at="2023-05-26T15:54:43 IST" name="Suite" finished-at="2023-05-26T15:58:29 IST" duration-ms="226086">
    <groups>
    </groups>
    <test started-at="2023-05-26T15:54:43 IST" name="Test" finished-at="2023-05-26T15:58:29 IST" duration-ms="226086">
      <class name="TestCases.Verify_Header">
        <test-method is-config="true" signature="launchUrl()[pri:0, instance:TestCases.Verify_Header@9597028]" started-at="2023-05-26T15:58:09 IST" name="launchUrl" finished-at="2023-05-26T15:58:13 IST" duration-ms="3250" status="PASS">
          <reporter-output>
          </reporter-output>
        </test-method> <!-- launchUrl -->
        <test-method signature="verifyHeader()[pri:0, instance:TestCases.Verify_Header@9597028]" started-at="2023-05-26T15:58:13 IST" name="verifyHeader" finished-at="2023-05-26T15:58:29 IST" duration-ms="15950" status="PASS">
          <reporter-output>
          </reporter-output>
        </test-method> <!-- verifyHeader -->
        <test-method is-config="true" signature="driverclose()[pri:0, instance:TestCases.Verify_Header@9597028]" started-at="2023-05-26T15:58:29 IST" name="driverclose" finished-at="2023-05-26T15:58:29 IST" duration-ms="247" status="PASS">
          <reporter-output>
          </reporter-output>
        </test-method> <!-- driverclose -->
      </class> <!-- TestCases.Verify_Header -->
      <class name="TestCases.Verify_DeleteFromCart">
        <test-method is-config="true" signature="launchUrl()[pri:0, instance:TestCases.Verify_DeleteFromCart@4550bb58]" started-at="2023-05-26T15:57:35 IST" name="launchUrl" finished-at="2023-05-26T15:57:38 IST" duration-ms="2848" status="PASS">
          <reporter-output>
          </reporter-output>
        </test-method> <!-- launchUrl -->
        <test-method signature="deleteFromCart()[pri:0, instance:TestCases.Verify_DeleteFromCart@4550bb58]" started-at="2023-05-26T15:57:38 IST" name="deleteFromCart" finished-at="2023-05-26T15:57:40 IST" duration-ms="2435" status="PASS">
          <reporter-output>
          </reporter-output>
        </test-method> <!-- deleteFromCart -->
        <test-method is-config="true" signature="driverclose()[pri:0, instance:TestCases.Verify_DeleteFromCart@4550bb58]" started-at="2023-05-26T15:57:40 IST" name="driverclose" finished-at="2023-05-26T15:57:40 IST" duration-ms="270" status="PASS">
          <reporter-output>
          </reporter-output>
        </test-method> <!-- driverclose -->
      </class> <!-- TestCases.Verify_DeleteFromCart -->
      <class name="TestCases.Verify_Footer">
        <test-method is-config="true" signature="launchUrl()[pri:0, instance:TestCases.Verify_Footer@6adbc9d]" started-at="2023-05-26T15:56:40 IST" name="launchUrl" finished-at="2023-05-26T15:56:44 IST" duration-ms="4684" status="PASS">
          <reporter-output>
          </reporter-output>
        </test-method> <!-- launchUrl -->
        <test-method signature="footer()[pri:0, instance:TestCases.Verify_Footer@6adbc9d]" started-at="2023-05-26T15:56:44 IST" name="footer" finished-at="2023-05-26T15:57:34 IST" duration-ms="50027" status="PASS">
          <reporter-output>
          </reporter-output>
        </test-method> <!-- footer -->
        <test-method is-config="true" signature="driverclose()[pri:0, instance:TestCases.Verify_Footer@6adbc9d]" started-at="2023-05-26T15:57:34 IST" name="driverclose" finished-at="2023-05-26T15:57:35 IST" duration-ms="319" status="PASS">
          <reporter-output>
          </reporter-output>
        </test-method> <!-- driverclose -->
      </class> <!-- TestCases.Verify_Footer -->
      <class name="TestCases.Verify_AddToCartProduct">
        <test-method is-config="true" signature="launchUrl()[pri:0, instance:TestCases.Verify_AddToCartProduct@223191a6]" started-at="2023-05-26T15:57:45 IST" name="launchUrl" finished-at="2023-05-26T15:57:49 IST" duration-ms="4169" status="PASS">
          <reporter-output>
          </reporter-output>
        </test-method> <!-- launchUrl -->
        <test-method signature="VerifyAddToCartProduct()[pri:0, instance:TestCases.Verify_AddToCartProduct@223191a6]" started-at="2023-05-26T15:57:49 IST" name="VerifyAddToCartProduct" finished-at="2023-05-26T15:57:53 IST" duration-ms="3398" status="PASS">
          <reporter-output>
          </reporter-output>
        </test-method> <!-- VerifyAddToCartProduct -->
        <test-method is-config="true" signature="driverclose()[pri:0, instance:TestCases.Verify_AddToCartProduct@223191a6]" started-at="2023-05-26T15:57:53 IST" name="driverclose" finished-at="2023-05-26T15:57:53 IST" duration-ms="189" status="PASS">
          <reporter-output>
          </reporter-output>
        </test-method> <!-- driverclose -->
      </class> <!-- TestCases.Verify_AddToCartProduct -->
      <class name="TestCases.Verify_Register_UsingExcelSheet">
        <test-method is-config="true" signature="launchUrl()[pri:0, instance:TestCases.Verify_Register_UsingExcelSheet@4ec4f3a0]" started-at="2023-05-26T15:57:40 IST" name="launchUrl" finished-at="2023-05-26T15:57:43 IST" duration-ms="2478" status="PASS">
          <reporter-output>
          </reporter-output>
        </test-method> <!-- launchUrl -->
        <test-method signature="registerUser()[pri:0, instance:TestCases.Verify_Register_UsingExcelSheet@4ec4f3a0]" started-at="2023-05-26T15:57:43 IST" name="registerUser" finished-at="2023-05-26T15:57:45 IST" duration-ms="2318" status="PASS">
          <reporter-output>
          </reporter-output>
        </test-method> <!-- registerUser -->
        <test-method is-config="true" signature="driverclose()[pri:0, instance:TestCases.Verify_Register_UsingExcelSheet@4ec4f3a0]" started-at="2023-05-26T15:57:45 IST" name="driverclose" finished-at="2023-05-26T15:57:45 IST" duration-ms="199" status="PASS">
          <reporter-output>
          </reporter-output>
        </test-method> <!-- driverclose -->
      </class> <!-- TestCases.Verify_Register_UsingExcelSheet -->
      <class name="TestCases.Verify_Login">
        <test-method is-config="true" signature="ExtentReport()[pri:0, instance:TestCases.Verify_Login@131774fe]" started-at="2023-05-26T15:54:43 IST" name="ExtentReport" finished-at="2023-05-26T15:54:43 IST" duration-ms="389" status="PASS">
          <reporter-output>
          </reporter-output>
        </test-method> <!-- ExtentReport -->
        <test-method is-config="true" signature="launchUrl()[pri:0, instance:TestCases.Verify_Login@131774fe]" started-at="2023-05-26T15:54:44 IST" name="launchUrl" finished-at="2023-05-26T15:55:54 IST" duration-ms="70794" status="PASS">
          <reporter-output>
          </reporter-output>
        </test-method> <!-- launchUrl -->
        <test-method signature="validlogin()[pri:0, instance:TestCases.Verify_Login@131774fe]" started-at="2023-05-26T15:55:54 IST" name="validlogin" finished-at="2023-05-26T15:55:56 IST" duration-ms="1347" status="PASS">
          <reporter-output>
          </reporter-output>
        </test-method> <!-- validlogin -->
        <test-method is-config="true" signature="driverclose()[pri:0, instance:TestCases.Verify_Login@131774fe]" started-at="2023-05-26T15:55:56 IST" name="driverclose" finished-at="2023-05-26T15:55:56 IST" duration-ms="192" status="PASS">
          <reporter-output>
          </reporter-output>
        </test-method> <!-- driverclose -->
        <test-method is-config="true" signature="endReport()[pri:0, instance:TestCases.Verify_Login@131774fe]" started-at="2023-05-26T15:58:29 IST" name="endReport" finished-at="2023-05-26T15:58:29 IST" duration-ms="272" status="PASS">
          <reporter-output>
          </reporter-output>
        </test-method> <!-- endReport -->
      </class> <!-- TestCases.Verify_Login -->
      <class name="TestCases.Verify_MainMenu">
        <test-method is-config="true" signature="launchUrl()[pri:0, instance:TestCases.Verify_MainMenu@49139829]" started-at="2023-05-26T15:57:53 IST" name="launchUrl" finished-at="2023-05-26T15:57:59 IST" duration-ms="5746" status="PASS">
          <reporter-output>
          </reporter-output>
        </test-method> <!-- launchUrl -->
        <test-method signature="verifyMainMenu()[pri:0, instance:TestCases.Verify_MainMenu@49139829]" started-at="2023-05-26T15:57:59 IST" name="verifyMainMenu" finished-at="2023-05-26T15:58:09 IST" duration-ms="10366" status="PASS">
          <reporter-output>
          </reporter-output>
        </test-method> <!-- verifyMainMenu -->
        <test-method is-config="true" signature="driverclose()[pri:0, instance:TestCases.Verify_MainMenu@49139829]" started-at="2023-05-26T15:58:09 IST" name="driverclose" finished-at="2023-05-26T15:58:09 IST" duration-ms="242" status="PASS">
          <reporter-output>
          </reporter-output>
        </test-method> <!-- driverclose -->
      </class> <!-- TestCases.Verify_MainMenu -->
      <class name="TestCases.Verify_ProductComparison">
        <test-method is-config="true" signature="launchUrl()[pri:0, instance:TestCases.Verify_ProductComparison@c8c12ac]" started-at="2023-05-26T15:55:56 IST" name="launchUrl" finished-at="2023-05-26T15:56:00 IST" duration-ms="3964" status="PASS">
          <reporter-output>
          </reporter-output>
        </test-method> <!-- launchUrl -->
        <test-method signature="productComparison()[pri:0, instance:TestCases.Verify_ProductComparison@c8c12ac]" started-at="2023-05-26T15:56:00 IST" name="productComparison" finished-at="2023-05-26T15:56:39 IST" duration-ms="39487" status="FAIL">
          <exception class="org.openqa.selenium.NoSuchElementException">
            <message>
              <![CDATA[no such element: Unable to locate element: {"method":"xpath","selector":"(//td[text()='Product']/following-sibling::td//a//strong)[2]"}
  (Session info: chrome=113.0.5672.127)
For documentation on this error, please visit: https://selenium.dev/exceptions/#no_such_element
Build info: version: '4.6.0', revision: '79f1c02ae20'
System info: os.name: 'Windows 11', os.arch: 'amd64', os.version: '10.0', java.version: '18.0.1.1'
Driver info: org.openqa.selenium.chrome.ChromeDriver
Command: [5556b6d2c0b52fa0c77a4a7120d5ace7, findElement {using=xpath, value=(//td[text()='Product']/following-sibling::td//a//strong)[2]}]
Capabilities {acceptInsecureCerts: false, browserName: chrome, browserVersion: 113.0.5672.127, chrome: {chromedriverVersion: 113.0.5672.63 (0e1a4471d5ae..., userDataDir: C:\Users\91737\AppData\Loca...}, goog:chromeOptions: {debuggerAddress: localhost:55735}, networkConnectionEnabled: false, pageLoadStrategy: normal, platformName: WINDOWS, proxy: Proxy(), se:cdp: ws://localhost:55735/devtoo..., se:cdpVersion: 113.0.5672.127, setWindowRect: true, strictFileInteractability: false, timeouts: {implicit: 0, pageLoad: 300000, script: 30000}, unhandledPromptBehavior: dismiss and notify, webauthn:extension:credBlob: true, webauthn:extension:largeBlob: true, webauthn:extension:minPinLength: true, webauthn:extension:prf: true, webauthn:virtualAuthenticators: true}
Session ID: 5556b6d2c0b52fa0c77a4a7120d5ace7]]>
            </message>
            <full-stacktrace>
              <![CDATA[org.openqa.selenium.NoSuchElementException: no such element: Unable to locate element: {"method":"xpath","selector":"(//td[text()='Product']/following-sibling::td//a//strong)[2]"}
  (Session info: chrome=113.0.5672.127)
For documentation on this error, please visit: https://selenium.dev/exceptions/#no_such_element
Build info: version: '4.6.0', revision: '79f1c02ae20'
System info: os.name: 'Windows 11', os.arch: 'amd64', os.version: '10.0', java.version: '18.0.1.1'
Driver info: org.openqa.selenium.chrome.ChromeDriver
Command: [5556b6d2c0b52fa0c77a4a7120d5ace7, findElement {using=xpath, value=(//td[text()='Product']/following-sibling::td//a//strong)[2]}]
Capabilities {acceptInsecureCerts: false, browserName: chrome, browserVersion: 113.0.5672.127, chrome: {chromedriverVersion: 113.0.5672.63 (0e1a4471d5ae..., userDataDir: C:\Users\91737\AppData\Loca...}, goog:chromeOptions: {debuggerAddress: localhost:55735}, networkConnectionEnabled: false, pageLoadStrategy: normal, platformName: WINDOWS, proxy: Proxy(), se:cdp: ws://localhost:55735/devtoo..., se:cdpVersion: 113.0.5672.127, setWindowRect: true, strictFileInteractability: false, timeouts: {implicit: 0, pageLoad: 300000, script: 30000}, unhandledPromptBehavior: dismiss and notify, webauthn:extension:credBlob: true, webauthn:extension:largeBlob: true, webauthn:extension:minPinLength: true, webauthn:extension:prf: true, webauthn:virtualAuthenticators: true}
Session ID: 5556b6d2c0b52fa0c77a4a7120d5ace7
at java.base/jdk.internal.reflect.DirectConstructorHandleAccessor.newInstance(DirectConstructorHandleAccessor.java:67)
at java.base/java.lang.reflect.Constructor.newInstanceWithCaller(Constructor.java:499)
at java.base/java.lang.reflect.Constructor.newInstance(Constructor.java:483)
at org.openqa.selenium.remote.codec.w3c.W3CHttpResponseCodec.createException(W3CHttpResponseCodec.java:200)
at org.openqa.selenium.remote.codec.w3c.W3CHttpResponseCodec.decode(W3CHttpResponseCodec.java:133)
at org.openqa.selenium.remote.codec.w3c.W3CHttpResponseCodec.decode(W3CHttpResponseCodec.java:53)
at org.openqa.selenium.remote.HttpCommandExecutor.execute(HttpCommandExecutor.java:184)
at org.openqa.selenium.remote.service.DriverCommandExecutor.invokeExecute(DriverCommandExecutor.java:167)
at org.openqa.selenium.remote.service.DriverCommandExecutor.execute(DriverCommandExecutor.java:142)
at org.openqa.selenium.remote.RemoteWebDriver.execute(RemoteWebDriver.java:541)
at org.openqa.selenium.remote.ElementLocation$ElementFinder$2.findElement(ElementLocation.java:162)
at org.openqa.selenium.remote.ElementLocation.findElement(ElementLocation.java:60)
at org.openqa.selenium.remote.RemoteWebDriver.findElement(RemoteWebDriver.java:365)
at org.openqa.selenium.remote.RemoteWebDriver.findElement(RemoteWebDriver.java:357)
at PageObjectModel.ProductComparison.productName2(ProductComparison.java:70)
at TestCases.Verify_ProductComparison.productComparison(Verify_ProductComparison.java:33)
at java.base/jdk.internal.reflect.DirectMethodHandleAccessor.invoke(DirectMethodHandleAccessor.java:104)
at java.base/java.lang.reflect.Method.invoke(Method.java:577)
at org.testng.internal.MethodInvocationHelper.invokeMethod(MethodInvocationHelper.java:133)
at org.testng.internal.TestInvoker.invokeMethod(TestInvoker.java:598)
at org.testng.internal.TestInvoker.invokeTestMethod(TestInvoker.java:173)
at org.testng.internal.MethodRunner.runInSequence(MethodRunner.java:46)
at org.testng.internal.TestInvoker$MethodInvocationAgent.invoke(TestInvoker.java:824)
at org.testng.internal.TestInvoker.invokeTestMethods(TestInvoker.java:146)
at org.testng.internal.TestMethodWorker.invokeTestMethods(TestMethodWorker.java:146)
at org.testng.internal.TestMethodWorker.run(TestMethodWorker.java:128)
at java.base/java.util.ArrayList.forEach(ArrayList.java:1511)
at org.testng.TestRunner.privateRun(TestRunner.java:794)
at org.testng.TestRunner.run(TestRunner.java:596)
at org.testng.SuiteRunner.runTest(SuiteRunner.java:377)
at org.testng.SuiteRunner.runSequentially(SuiteRunner.java:371)
at org.testng.SuiteRunner.privateRun(SuiteRunner.java:332)
at org.testng.SuiteRunner.run(SuiteRunner.java:276)
at org.testng.SuiteRunnerWorker.runSuite(SuiteRunnerWorker.java:53)
at org.testng.SuiteRunnerWorker.run(SuiteRunnerWorker.java:96)
at org.testng.TestNG.runSuitesSequentially(TestNG.java:1212)
at org.testng.TestNG.runSuitesLocally(TestNG.java:1134)
at org.testng.TestNG.runSuites(TestNG.java:1063)
at org.testng.TestNG.run(TestNG.java:1031)
at org.testng.remote.AbstractRemoteTestNG.run(AbstractRemoteTestNG.java:115)
at org.testng.remote.RemoteTestNG.initAndRun(RemoteTestNG.java:251)
at org.testng.remote.RemoteTestNG.main(RemoteTestNG.java:77)
]]>
            </full-stacktrace>
          </exception> <!-- org.openqa.selenium.NoSuchElementException -->
          <reporter-output>
          </reporter-output>
        </test-method> <!-- productComparison -->
        <test-method is-config="true" signature="driverclose()[pri:0, instance:TestCases.Verify_ProductComparison@c8c12ac]" started-at="2023-05-26T15:56:40 IST" name="driverclose" finished-at="2023-05-26T15:56:40 IST" duration-ms="217" status="PASS">
          <reporter-output>
          </reporter-output>
        </test-method> <!-- driverclose -->
      </class> <!-- TestCases.Verify_ProductComparison -->
    </test> <!-- Test -->
  </suite> <!-- Suite -->
</testng-results>
